<?xml version="1.0" encoding="utf-8"?><testsuites><testsuite errors="0" failures="0" hostname="0a21b358a82e" name="pytest" skipped="0" tests="7" time="0.149" timestamp="2023-05-24T05:16:09.565384"><testcase classname="test.rest.api_test.TestApi" name="test_api_add" time="0.005"></testcase><testcase classname="test.rest.api_test.TestApi" name="test_api_divide" time="0.002"></testcase><testcase classname="test.rest.api_test.TestApi" name="test_api_logaritmo_base10" time="0.002"></testcase><testcase classname="test.rest.api_test.TestApi" name="test_api_multiply" time="0.002"></testcase><testcase classname="test.rest.api_test.TestApi" name="test_api_power" time="0.002"></testcase><testcase classname="test.rest.api_test.TestApi" name="test_api_raiz" time="0.002"></testcase><testcase classname="test.rest.api_test.TestApi" name="test_api_substract" time="0.002"></testcase></testsuite></testsuites>